<?xml version="1.0" encoding="UTF-8"?>
<testng-results ignored="0" total="1" passed="1" failed="0" skipped="0">
  <reporter-output>
  </reporter-output>
  <suite started-at="2022-06-11T17:03:05 CDT" name="Default suite" finished-at="2022-06-11T17:03:24 CDT" duration-ms="18422">
    <groups>
    </groups>
    <test started-at="2022-06-11T17:03:05 CDT" name="Default test" finished-at="2022-06-11T17:03:24 CDT" duration-ms="18422">
      <class name="test.LoginPageTest">
        <test-method is-config="true" signature="setUp()[pri:0, instance:test.LoginPageTest@34f7cfd9]" started-at="2022-06-11T17:03:05 CDT" name="setUp" finished-at="2022-06-11T17:03:12 CDT" duration-ms="6314" status="PASS">
          <reporter-output>
          </reporter-output>
        </test-method> <!-- setUp -->
        <test-method signature="loginTest()[pri:0, instance:test.LoginPageTest@34f7cfd9]" started-at="2022-06-11T17:03:12 CDT" name="loginTest" finished-at="2022-06-11T17:03:19 CDT" duration-ms="7237" status="PASS">
          <reporter-output>
          </reporter-output>
        </test-method> <!-- loginTest -->
        <test-method is-config="true" signature="tearDown()[pri:0, instance:test.LoginPageTest@34f7cfd9]" started-at="2022-06-11T17:03:19 CDT" name="tearDown" finished-at="2022-06-11T17:03:24 CDT" duration-ms="4828" status="PASS">
          <reporter-output>
          </reporter-output>
        </test-method> <!-- tearDown -->
      </class> <!-- test.LoginPageTest -->
    </test> <!-- Default test -->
  </suite> <!-- Default suite -->
</testng-results>
